<?xml version="1.0" encoding="UTF-8"?>
<!-- Generated by org.testng.reporters.JUnitReportReporter -->
<testsuite hostname="A2Z-A342-Nabil" failures="0" tests="1" name="api.Lead" time="9.418" errors="0" timestamp="2024-07-10T16:37:35 IST" skipped="0">
  <testcase classname="api.Lead" name="testCreateResource" time="9.418"/>
</testsuite> <!-- api.Lead -->
